游릭 Received JSON: 
游댯 Decoded Data: 
游릭 Received JSON: {"campaign_id":"47","user_id":"1"}
游댯 Decoded Data: Array
(
    [campaign_id] => 47
    [user_id] => 1
)

游릭 Received JSON: 
游댯 Decoded Data: 
游릭 Received JSON: {"campaign_id":"46","user_id":"1"}
游댯 Decoded Data: Array
(
    [campaign_id] => 46
    [user_id] => 1
)

游릭 Received JSON: {"campaign_id":"43","user_id":"1"}
游댯 Decoded Data: Array
(
    [campaign_id] => 43
    [user_id] => 1
)

游릭 Received JSON: 
游댯 Decoded Data: 
游릭 Received JSON: {"campaign_id":"1","user_id":"1"}
游댯 Decoded Data: Array
(
    [campaign_id] => 1
    [user_id] => 1
)

游릭 Received JSON: 
游댯 Decoded Data: 
游릭 Received JSON: {"campaign_id":"1","user_id":"1"}
游댯 Decoded Data: Array
(
    [campaign_id] => 1
    [user_id] => 1
)

